-------------------------------------------------------------------------------
Test set: org.couch4j.PerfTest
-------------------------------------------------------------------------------
Tests run: 1, Failures: 0, Errors: 1, Skipped: 0, Time elapsed: 0.011 sec <<< FAILURE!
fetchMultipleDocuments[0](org.couch4j.PerfTest)  Time elapsed: 0.007 sec  <<< ERROR!
org.couch4j.exceptions.DocumentNotFoundException: DocumentNotFoundException [error=not_found, reason=missing, statusCode=0, message: null]
	at org.couch4j.http.HttpConnectionManager.jsonExecute(HttpConnectionManager.java:151)
	at org.couch4j.http.HttpConnectionManager.jsonGet(HttpConnectionManager.java:164)
	at org.couch4j.http.DatabaseImpl.fetchDocument(DatabaseImpl.java:171)
	at org.couch4j.PerfTest.fetchMultipleDocuments(PerfTest.java:54)
	at sun.reflect.NativeMethodAccessorImpl.invoke0(Native Method)
	at sun.reflect.NativeMethodAccessorImpl.invoke(NativeMethodAccessorImpl.java:39)
	at sun.reflect.DelegatingMethodAccessorImpl.invoke(DelegatingMethodAccessorImpl.java:25)
	at java.lang.reflect.Method.invoke(Method.java:597)
	at org.junit.runners.model.FrameworkMethod$1.runReflectiveCall(FrameworkMethod.java:44)
	at org.junit.internal.runners.model.ReflectiveCallable.run(ReflectiveCallable.java:15)
	at org.junit.runners.model.FrameworkMethod.invokeExplosively(FrameworkMethod.java:41)
	at org.junit.internal.runners.statements.InvokeMethod.evaluate(InvokeMethod.java:20)
	at org.junit.internal.runners.statements.FailOnTimeout$1.run(FailOnTimeout.java:28)

